1588876063080:delete 1
1588876068970:quit
1588876143155:delete 2
1588876147035:exit
1588876438037:getAll
1588876499407:exit
1588876522100:getAll
1588876543607:delete 1
1588876549125:getAll
1588876554785:exit
1588876665989:getAll
1588876676284:delete 1
1588876682220:getAll
1588876686688:exit
1589126861745:create 3 Romans
1589126873649:getllG
1589126879507:help
1589126891160:getAllG
1589126903180:exit
1589126953908:create Dramas
1589126967077:create 2 Dramas
1589126992836:help
1589127021006:getAllG
1589127025457:exit
1589127492642:getAllG
1589127516124:delete genre Fairytales
1589127523810:getAllG
1589127531543:exit
1589128283962:create genre 3 Roman
1589128289555:getaAllG
1589128297741:getAllG
1589128317708:edit genre Roman
1589128335519:exit
1589129400465:create genre Roman
1589129415313:create genre 3 Roman
1589129423686:getAllG
1589129444633:edit genre Roman Romances
1589129450819:getAllG
1589129456584:exit
1589145050741:start
1589145065694:exit
1589145143732:start
1589145156382:exit
1589145332927:start
1589145339093:exit
1589146169250:start
1589146198101:exit
1589146259049:start
1589146279533:exit
1589146409322:start
1589146423203:stacktrace
1589146461357:exit
1589146481207:start
1589146492613:exit
1589146613461:start
1589146619766:exit
1589146655821:start
1589146659344:exit
1589146690151:start
1589146705947:exit
1589146873241:start
1589146890122:exit
1589190924144:getAllA
1589190929206:start
1589190934235:getAllA
1589191020467:exit
1589191049649:getAllA
1589191063588:exit
1589191261772:getAllA
1589191411080:create author 3 Mark Twain
1589191417532:getAllA
1589191427826:exit
1589191606048:getAllA
1589191634130:create author 4 Mark Twain
1589191638899:getAllA
1589191664024:delete Stanislav Lem
1589191688768:delete author Stanislav Lem
1589191719370:stacktrace
1589191770163:getAllG
1589191789409:delete genre Fairytales
1589191795033:getAllG
1589191799516:exit
1589191930272:delete author Gianni Rodari
1589191954193:exit
1589192328160:delete author Stanislav Lem
1589192332832:getAllA
1589192357001:create author 1 Stanislav Lem
1589192362332:getAllA
1589192366346:exit
1589193810881:getAllA
1589193866394:edit author Stanislav Lem Mark Twain
1589193872726:getAllA
1589193898474:exit
1589194003538:getAllA
1589194027943:edit author Gianni Rodari Ivan Rodari
1589194040080:getAllA
1589194052427:getAllG
1589194067913:exit
1589194412370:edit author Gianni Rodari Mark Twain
1589194418038:getAllA
1589194436470:exit
1589194510544:edit author Gianni Rodari Mark Twain
1589194514903:getAllA
1589194536640:edit author mark twen Gianni Rodari
1589194547464:exit
1589194941429:getAllB
1589194963215:exit
1589196447529:create book 2 Chippolino Gianni Rodari Fairytales
1589196454839:getAllB
1589196474391:exit
1589199145988:getAllB
1589199164872:delete book Solaris Stanislav Lem
1589199169890:getAllB
1589199173265:exit
1589376535412:getAllB
1589376585534:creatre book "Chipolino" Gianni Rodari
1589376650914:create book 2 "Chipolino" Gianni Rodari Fayritales
1589376749730:create book 2 "Chipolino" Gianni Rodari Fairytales
1589376756291:getAllB
1589376834179:edit book "Chipolino" Gianni Rodari "Gamlet"
1589376839491:getAllB
1589376856299:exit
1589398876962:help
1589398914003:exit
1589399232889:get
1589399248736:stacktrace
1589399361272:get
1589399652509:stacktrace
1589402471234:help
1589402551279:fetAllB
1589402558277:getAllB
1589549589889:exit
1589550531498:getAllA
1589550559321:create author 4 Ivan Belov
1589550565410:getAllA
1589550573974:getAllB
1589550577821:exit
1589550771730:getAllB
1589550813673:create author 4 Ivan Belov
1589550834888:getAllA
1589550845562:getAllB
1589550903061:create book 2 Ariel Ivan Belov Science fiction
1589550979132:create book 2 Ariel Ivan Belov "Science fiction"
1589550985154:getAllB
1589550997206:exit
1589551590956:getAllA
1589551657096:edit author MarkTwain Alex Belov
1589551694933:stacktrace
1589551878959:exit
1589551910091:get
1589551926708:get Stanislav Lem
1589551951056:exit
1589552018499:get Stanislav Lem
1589552036382:exit
1589552210705:get Stanislav Lem
1589552223525:exit
1589552387412:getAllA
1589552515210:exit
1589552539365:getAllA
1589552546819:exit
1589553097325:getAllB
1589553101540:exit
1589555025237:getAllB
1589555044640:exit
1589555083165:getAllB
1589555101647:exit
1589555353352:getAllG
1589555382767:edit genre Fairytales skazki
1589555388625:getAllG
1589555402434:exit
1589555519627:getAllG
1589555526714:exit
1589555590422:getAllB
1589555596625:getAllG
1589555605053:GetAllA
1589555634895:help
1589555642549:getAllA
1589555653071:exit
1589567271055:getAllB
1589567375209:create book 2 "Chipolino" Gianni Rodari Fairytales
1589568690663:exit
1589568807308:getAllB
1589568872920:create book 2 "Chipolino" Gianni Rodari Fairytales
1589568950471:exit
1589569254601:create book 2 "Chipolino" Gianni Rodari Fairytales
1589569281077:exit
1589569348387:create book 2 "Chipolino" Gianni Rodari Fairytales
1589569487651:stacktrace
1589570108826:exit
1589570241069:create book 2 Chipolino Gianni Rodari Fairytales
1589570306999:id, title, authorID, authorName, authorSurname," +\n                                "genreID, genreDescriptioncreate book 2 "Chipolino" Gianni Rodari Fairytales
1589570336287:create book 2 Chipolino Gianni Rodari Fairytales
1589570348046:create book 2 "Chipolino" Gianni Rodari Fairytales
1589570358429:stacktrace
1589570681255:exit
1589570722458:create author 4 Ivan Belov
1589570768601:exit
1589570788062:create author 4 Ivan Belov
1589570829068:exit
1589571026243:create author 4 Ivan Belov
1589571039836:stacktrace
1589571100953:exit
1589571452229:create author 4 Ivan Belov
1589571457428:getAllA
1589571463408:create author 4 Ivan Belov
1589571466605:exit
1589571521813:create author 4 Ivan Belov
1589571540868:stacktrace
1589571851235:exit
1589571874382:create author 4 Ivan Belov
1589572047146:exit
1589572065333:create author 4 Ivan Belov
1589572118935:exit
1589572138629:create author 4 Ivan Belov
1589572184906:exit
1589572206946:create author 4 Ivan Belov
1589572225637:stacktrace
1589572252227:exit
1589572286418:create author 4 Ivan Belov
1589572296622:stacktrace
1589572373982:exit
1589572534981:create author 4 Ivan Belov
1589572564716:exit
1589704023096:create author 4 Ivan Belov
1589704147744:exit
1589704192524:create author 4 Ivan Belov
1589704203101:getAllA
1589704229903:exit
1589704302679:create author 4 Ivan Belov
1589704334835:exit
1589704675855:create author 4 Ivan Belov
1589704777975:stacktrace
1589705125885:create author 4 Ivan Belov
1589706712263:exit
1589706780232:create author 4 Ivan Belov
1589706824607:exit
1589706847294:create author 4 Ivan Belov
1589706859420:exit
1589707048172:create author 4 Ivan Belov
1589707106718:exit
1589707145216:create author 4 Ivan Belov
1589707460176:exit
1589707537622:PreparedStatementCallback; bad SQL grammar [insert into Authors (ID, Name, Surname) values (:id,:name,:surname)]; nested exception is org.h2.jdbc.JdbcSQLSyntaxErrorException: Синтаксическая ошибка в выражении SQL "INSERT INTO AUTHORS (ID, NAME, SURNAME) VALUES (:[*]ID,:NAME,:SURNAME)"; ожидалось "), DEFAULT, NOT, EXISTS, INTERSECTS, UNIQUE"
1589707537654:Syntax error in SQL statement "INSERT INTO AUTHORS (ID, NAME, SURNAME) VALUES (:[*]ID,:NAME,:SURNAME)"; expected "), DEFAULT, NOT, EXISTS, INTERSECTS, UNIQUE"; SQL statement:
1589707540261:insert into Authors (ID, Name, Surname) values (:id,:name,:surname) [42001-200]
1589707541616:PreparedStatementCallback; bad SQL grammar [insert into Authors (ID, Name, Surname) values (:id,:name,:surname)]; nested exception is org.h2.jdbc.JdbcSQLSyntaxErrorException: Синтаксическая ошибка в выражении SQL "INSERT INTO AUTHORS (ID, NAME, SURNAME) VALUES (:[*]ID,:NAME,:SURNAME)"; ожидалось "), DEFAULT, NOT, EXISTS, INTERSECTS, UNIQUE"
1589707541632:Syntax error in SQL statement "INSERT INTO AUTHORS (ID, NAME, SURNAME) VALUES (:[*]ID,:NAME,:SURNAME)"; expected "), DEFAULT, NOT, EXISTS, INTERSECTS, UNIQUE"; SQL statement:
1589707543602:insert into Authors (ID, Name, Surname) values (:id,:name,:surname) [42001-200]
1589707564345:create author 4 Ivan Belov
1589708315420:template.execute(query,map,new PreparedStatementCallback() {
1589708320656:});
1589708334772:create author 4 Ivan Belov
1589708345545:getAllA
1589708396787:exit
1589709274721:create author 4 Ivan Belov
1589709280087:getAllA
1589709310144:getAllB
1589709388493:create book 2 "Chipolino" Gianni Rodari Fairytales
1589709427056:stacktrace
1589709772235:create author 4 Ivan Belov
1589709777571:getAllA
1589709783974:getAllB
1589711568668:getAllA
1589711583417:create author 4 Ivan Belov
1589711588174:getAllA
1589711593083:getAllG
1589711617606:create genre 4 Dramas
1589711622845:getAllG
1589711629850:getAllB
1589711764599:create book 2 "Chipolino" Gianni Rodari Fairytales
1589711772369:getAllB
1589711787031:exit
1589712950432:getAllA
1589712997846:edit author Mark Twain Ivan Belov
1589713022521:exit
1589713107559:edit author Mark Twain Ivan Belov
1589713133516:exit
1589713182352:getAllB
1589713192783:getALLA
1589713200051:getAllA
1589713220583:edit author Gianni Rodari Ivan Belov
1589713237060:get AllA
1589713242416:getAllA
1589713255268:exit
1589713841611:getAllB
1589713851139:getAllG
1589713886527:edit genres Fairytales Dramas
1589713916090:edit genre Fairytales Dramas
1589713920752:getAllG
1589713924403:exit
1589715439258:getAllG
1589715460116:edit genre Fairytales Dramas
1589715468868:getAllG
1589715479190:getAllA
1589715521288:edit author Gianni Rodari William Shakespear
1589715524792:getAllA
1589715533416:getAllB
1589715593238:create book 2 Chipolino William Shakespear Dramas
1589715598476:getAllB
1589715662277:edit book Chipolino William Shakespear Hamlet
1589715667882:getAllB
1589715675941:exit
